[0929/223610.516:ERROR:file_io_win.cc(162)] CreateFile C:\Users\Lenovo\AppData\Local\Temp\puppeteer_dev_chrome_profile-K5XGzp\Crashpad\settings.dat: The system cannot find the path specified. (0x3)
[0929/223610.544:ERROR:file_io_win.cc(171)] CreateFile C:\Users\Lenovo\AppData\Local\Temp\puppeteer_dev_chrome_profile-K5XGzp\Crashpad\reports\a329ae3b-4605-4a0d-91e6-354fbd55a030.dmp: The system cannot find the path specified. (0x3)
[0929/223610.544:ERROR:crash_report_exception_handler.cc(97)] PrepareNewCrashReport failed
[0929/224254.183:ERROR:process_reader_win.cc(151)] SuspendThread: Access is denied. (0x5)
[0929/224254.190:ERROR:file_io_win.cc(162)] CreateFile C:\Users\Lenovo\AppData\Local\Temp\puppeteer_dev_chrome_profile-A2uRAh\Crashpad\settings.dat: The system cannot find the path specified. (0x3)
[0929/224254.201:ERROR:file_io_win.cc(171)] CreateFile C:\Users\Lenovo\AppData\Local\Temp\puppeteer_dev_chrome_profile-A2uRAh\Crashpad\reports\e9219c9e-2b4c-4b11-880b-2e8690e9b3da.dmp: The system cannot find the path specified. (0x3)
[0929/224254.201:ERROR:crash_report_exception_handler.cc(97)] PrepareNewCrashReport failed
[0929/224430.393:ERROR:process_reader_win.cc(151)] SuspendThread: Access is denied. (0x5)
[0929/224430.454:ERROR:file_io_win.cc(162)] CreateFile C:\Users\Lenovo\AppData\Local\Temp\puppeteer_dev_chrome_profile-1tcKqg\Crashpad\settings.dat: The system cannot find the path specified. (0x3)
[0929/224430.454:ERROR:file_io_win.cc(171)] CreateFile C:\Users\Lenovo\AppData\Local\Temp\puppeteer_dev_chrome_profile-1tcKqg\Crashpad\reports\30caf05f-338d-4db1-80ff-eb7e98e343ff.dmp: The system cannot find the path specified. (0x3)
[0929/224430.454:ERROR:crash_report_exception_handler.cc(97)] PrepareNewCrashReport failed
[0929/224744.874:ERROR:process_reader_win.cc(151)] SuspendThread: Access is denied. (0x5)
[0929/224744.892:ERROR:file_io_win.cc(162)] CreateFile C:\Users\Lenovo\AppData\Local\Temp\puppeteer_dev_chrome_profile-2iMYbv\Crashpad\settings.dat: The system cannot find the path specified. (0x3)
[0929/224744.893:ERROR:file_io_win.cc(171)] CreateFile C:\Users\Lenovo\AppData\Local\Temp\puppeteer_dev_chrome_profile-2iMYbv\Crashpad\reports\0cc6a4de-7d90-439b-8d60-aaa7676c6082.dmp: The system cannot find the path specified. (0x3)
[0929/224744.893:ERROR:crash_report_exception_handler.cc(97)] PrepareNewCrashReport failed
[0929/225111.965:ERROR:process_reader_win.cc(151)] SuspendThread: Access is denied. (0x5)
[0929/225111.997:ERROR:file_io_win.cc(162)] CreateFile C:\Users\Lenovo\AppData\Local\Temp\puppeteer_dev_chrome_profile-GJas7W\Crashpad\settings.dat: The system cannot find the path specified. (0x3)
[0929/225111.998:ERROR:file_io_win.cc(171)] CreateFile C:\Users\Lenovo\AppData\Local\Temp\puppeteer_dev_chrome_profile-GJas7W\Crashpad\reports\ba778b56-988e-4a6f-8155-e9ecabf7709f.dmp: The system cannot find the path specified. (0x3)
[0929/225111.998:ERROR:crash_report_exception_handler.cc(97)] PrepareNewCrashReport failed
[0929/230524.121:ERROR:process_reader_win.cc(151)] SuspendThread: Access is denied. (0x5)
[0929/230524.131:ERROR:file_io_win.cc(162)] CreateFile C:\Users\Lenovo\AppData\Local\Temp\puppeteer_dev_chrome_profile-9S5DJ2\Crashpad\settings.dat: The system cannot find the path specified. (0x3)
[0929/230524.131:ERROR:file_io_win.cc(171)] CreateFile C:\Users\Lenovo\AppData\Local\Temp\puppeteer_dev_chrome_profile-9S5DJ2\Crashpad\reports\24376583-f880-4826-aa5d-8b09bfc71e14.dmp: The system cannot find the path specified. (0x3)
[0929/230524.131:ERROR:crash_report_exception_handler.cc(97)] PrepareNewCrashReport failed
[0929/231157.359:ERROR:process_reader_win.cc(151)] SuspendThread: Access is denied. (0x5)
[0929/231157.368:ERROR:file_io_win.cc(162)] CreateFile C:\Users\Lenovo\AppData\Local\Temp\puppeteer_dev_chrome_profile-pU5QQ2\Crashpad\settings.dat: The system cannot find the path specified. (0x3)
[0929/231157.368:ERROR:file_io_win.cc(171)] CreateFile C:\Users\Lenovo\AppData\Local\Temp\puppeteer_dev_chrome_profile-pU5QQ2\Crashpad\reports\88e3e899-8a3d-4f1c-b14c-0e910dfdff44.dmp: The system cannot find the path specified. (0x3)
[0929/231157.369:ERROR:crash_report_exception_handler.cc(97)] PrepareNewCrashReport failed
[0929/232045.048:ERROR:process_reader_win.cc(151)] SuspendThread: Access is denied. (0x5)
[0929/232045.049:ERROR:exception_snapshot_win.cc(99)] thread ID 9588 not found in process
[0929/233040.271:ERROR:process_reader_win.cc(151)] SuspendThread: Access is denied. (0x5)
[0929/233040.326:ERROR:file_io_win.cc(162)] CreateFile C:\Users\Lenovo\AppData\Local\Temp\puppeteer_dev_chrome_profile-s54chw\Crashpad\settings.dat: The system cannot find the path specified. (0x3)
[0929/233040.326:ERROR:file_io_win.cc(171)] CreateFile C:\Users\Lenovo\AppData\Local\Temp\puppeteer_dev_chrome_profile-s54chw\Crashpad\reports\927e22c9-8309-4281-a2e2-5b8ce8d58aaa.dmp: The system cannot find the path specified. (0x3)
[0929/233040.326:ERROR:crash_report_exception_handler.cc(97)] PrepareNewCrashReport failed
[0929/233617.580:ERROR:process_reader_win.cc(151)] SuspendThread: Access is denied. (0x5)
[0929/233617.642:ERROR:file_io_win.cc(162)] CreateFile C:\Users\Lenovo\AppData\Local\Temp\puppeteer_dev_chrome_profile-rQhFlb\Crashpad\settings.dat: The system cannot find the path specified. (0x3)
[0929/233617.642:ERROR:file_io_win.cc(171)] CreateFile C:\Users\Lenovo\AppData\Local\Temp\puppeteer_dev_chrome_profile-rQhFlb\Crashpad\reports\0756b863-d9c7-46c3-9b7c-87e727093c76.dmp: The system cannot find the path specified. (0x3)
[0929/233617.642:ERROR:crash_report_exception_handler.cc(97)] PrepareNewCrashReport failed
[0929/233829.657:ERROR:process_reader_win.cc(151)] SuspendThread: Access is denied. (0x5)
[0929/233829.715:ERROR:file_io_win.cc(162)] CreateFile C:\Users\Lenovo\AppData\Local\Temp\puppeteer_dev_chrome_profile-iguiUh\Crashpad\settings.dat: The system cannot find the path specified. (0x3)
[0929/233829.718:ERROR:file_io_win.cc(171)] CreateFile C:\Users\Lenovo\AppData\Local\Temp\puppeteer_dev_chrome_profile-iguiUh\Crashpad\reports\02c91fb7-4a84-4ce2-bd05-baa3c3e57676.dmp: The system cannot find the path specified. (0x3)
[0929/233829.718:ERROR:crash_report_exception_handler.cc(97)] PrepareNewCrashReport failed
[0929/234211.392:ERROR:process_reader_win.cc(151)] SuspendThread: Access is denied. (0x5)
[0929/234211.444:ERROR:file_io_win.cc(162)] CreateFile C:\Users\Lenovo\AppData\Local\Temp\puppeteer_dev_chrome_profile-sYlMAZ\Crashpad\settings.dat: The system cannot find the path specified. (0x3)
[0929/234211.444:ERROR:file_io_win.cc(171)] CreateFile C:\Users\Lenovo\AppData\Local\Temp\puppeteer_dev_chrome_profile-sYlMAZ\Crashpad\reports\0828f907-605e-406b-8f3a-7860a89462f8.dmp: The system cannot find the path specified. (0x3)
[0929/234211.444:ERROR:crash_report_exception_handler.cc(97)] PrepareNewCrashReport failed
[0929/234303.524:ERROR:process_reader_win.cc(151)] SuspendThread: Access is denied. (0x5)
[0929/234303.531:ERROR:file_io_win.cc(162)] CreateFile C:\Users\Lenovo\AppData\Local\Temp\puppeteer_dev_chrome_profile-Dcy989\Crashpad\settings.dat: The system cannot find the path specified. (0x3)
[0929/234303.532:ERROR:file_io_win.cc(171)] CreateFile C:\Users\Lenovo\AppData\Local\Temp\puppeteer_dev_chrome_profile-Dcy989\Crashpad\reports\ec18161b-f67d-445a-a944-04ba99f01bdf.dmp: The system cannot find the path specified. (0x3)
[0929/234303.532:ERROR:crash_report_exception_handler.cc(97)] PrepareNewCrashReport failed
[0929/234437.105:ERROR:process_reader_win.cc(151)] SuspendThread: Access is denied. (0x5)
[0929/234437.112:ERROR:file_io_win.cc(162)] CreateFile C:\Users\Lenovo\AppData\Local\Temp\puppeteer_dev_chrome_profile-9mJlmg\Crashpad\settings.dat: The system cannot find the path specified. (0x3)
[0929/234437.113:ERROR:file_io_win.cc(171)] CreateFile C:\Users\Lenovo\AppData\Local\Temp\puppeteer_dev_chrome_profile-9mJlmg\Crashpad\reports\c3113784-a897-45e9-9a19-cf866d6bc235.dmp: The system cannot find the path specified. (0x3)
[0929/234437.113:ERROR:crash_report_exception_handler.cc(97)] PrepareNewCrashReport failed
[0929/234712.799:ERROR:process_reader_win.cc(151)] SuspendThread: Access is denied. (0x5)
[0929/234712.806:ERROR:file_io_win.cc(162)] CreateFile C:\Users\Lenovo\AppData\Local\Temp\puppeteer_dev_chrome_profile-h3OBPQ\Crashpad\settings.dat: The system cannot find the path specified. (0x3)
[0929/234712.806:ERROR:file_io_win.cc(171)] CreateFile C:\Users\Lenovo\AppData\Local\Temp\puppeteer_dev_chrome_profile-h3OBPQ\Crashpad\reports\0ab2586c-342b-436a-b556-7eccc7043dc0.dmp: The system cannot find the path specified. (0x3)
[0929/234712.807:ERROR:crash_report_exception_handler.cc(97)] PrepareNewCrashReport failed
[0929/235037.701:ERROR:process_reader_win.cc(151)] SuspendThread: Access is denied. (0x5)
[0929/235206.270:ERROR:process_reader_win.cc(151)] SuspendThread: Access is denied. (0x5)
[0929/235206.290:ERROR:file_io_win.cc(162)] CreateFile C:\Users\Lenovo\AppData\Local\Temp\puppeteer_dev_chrome_profile-AphIJc\Crashpad\settings.dat: The system cannot find the path specified. (0x3)
[0929/235206.291:ERROR:file_io_win.cc(171)] CreateFile C:\Users\Lenovo\AppData\Local\Temp\puppeteer_dev_chrome_profile-AphIJc\Crashpad\reports\693ff090-b6b3-49a5-bf0a-ece93ed0d645.dmp: The system cannot find the path specified. (0x3)
[0929/235206.291:ERROR:crash_report_exception_handler.cc(97)] PrepareNewCrashReport failed
[0930/082543.871:ERROR:file_io_win.cc(162)] CreateFile C:\Users\Lenovo\AppData\Local\Temp\puppeteer_dev_chrome_profile-EHoctw\Crashpad\settings.dat: The system cannot find the path specified. (0x3)
[0930/082543.903:ERROR:file_io_win.cc(171)] CreateFile C:\Users\Lenovo\AppData\Local\Temp\puppeteer_dev_chrome_profile-EHoctw\Crashpad\reports\1dcb1af8-d4d9-43b8-b4a3-7f94b3301d1b.dmp: The system cannot find the path specified. (0x3)
[0930/082543.903:ERROR:crash_report_exception_handler.cc(97)] PrepareNewCrashReport failed
[0930/090145.796:ERROR:process_reader_win.cc(151)] SuspendThread: Access is denied. (0x5)
[0930/090145.808:ERROR:file_io_win.cc(162)] CreateFile C:\Users\Lenovo\AppData\Local\Temp\puppeteer_dev_chrome_profile-qRg5EO\Crashpad\settings.dat: The system cannot find the path specified. (0x3)
[0930/090145.808:ERROR:file_io_win.cc(171)] CreateFile C:\Users\Lenovo\AppData\Local\Temp\puppeteer_dev_chrome_profile-qRg5EO\Crashpad\reports\d36f3f40-3bfa-4aaf-97e2-db95acdcdc50.dmp: The system cannot find the path specified. (0x3)
[0930/090145.808:ERROR:crash_report_exception_handler.cc(97)] PrepareNewCrashReport failed
[0930/093007.708:ERROR:file_io_win.cc(162)] CreateFile C:\Users\Lenovo\AppData\Local\Temp\puppeteer_dev_chrome_profile-VYg6Xi\Crashpad\settings.dat: The system cannot find the path specified. (0x3)
[0930/093007.717:ERROR:file_io_win.cc(171)] CreateFile C:\Users\Lenovo\AppData\Local\Temp\puppeteer_dev_chrome_profile-VYg6Xi\Crashpad\reports\29341ae3-91b7-4f3a-8158-af3ad81d6724.dmp: The system cannot find the path specified. (0x3)
[0930/093007.717:ERROR:crash_report_exception_handler.cc(97)] PrepareNewCrashReport failed
[0930/111400.172:ERROR:file_io_win.cc(162)] CreateFile C:\Users\Lenovo\AppData\Local\Temp\puppeteer_dev_chrome_profile-PVyG9o\Crashpad\settings.dat: The system cannot find the path specified. (0x3)
[0930/111400.190:ERROR:file_io_win.cc(171)] CreateFile C:\Users\Lenovo\AppData\Local\Temp\puppeteer_dev_chrome_profile-PVyG9o\Crashpad\reports\de164b82-ec08-41aa-952b-5cdb54b12705.dmp: The system cannot find the path specified. (0x3)
[0930/111400.190:ERROR:crash_report_exception_handler.cc(97)] PrepareNewCrashReport failed
[0930/113533.036:ERROR:file_io_win.cc(162)] CreateFile C:\Users\Lenovo\AppData\Local\Temp\puppeteer_dev_chrome_profile-hAZ0tX\Crashpad\settings.dat: The system cannot find the path specified. (0x3)
[0930/113533.099:ERROR:file_io_win.cc(171)] CreateFile C:\Users\Lenovo\AppData\Local\Temp\puppeteer_dev_chrome_profile-hAZ0tX\Crashpad\reports\a66f5010-9fde-412f-8d45-49bd5dc40c83.dmp: The system cannot find the path specified. (0x3)
[0930/113533.099:ERROR:crash_report_exception_handler.cc(97)] PrepareNewCrashReport failed
[0930/184005.404:ERROR:file_io_win.cc(162)] CreateFile C:\Users\Lenovo\AppData\Local\Temp\puppeteer_dev_chrome_profile-SISJ5V\Crashpad\settings.dat: The system cannot find the path specified. (0x3)
[0930/184005.418:ERROR:file_io_win.cc(171)] CreateFile C:\Users\Lenovo\AppData\Local\Temp\puppeteer_dev_chrome_profile-SISJ5V\Crashpad\reports\1b4c3b6c-5f62-4954-8913-915f6920197a.dmp: The system cannot find the path specified. (0x3)
[0930/184005.419:ERROR:crash_report_exception_handler.cc(97)] PrepareNewCrashReport failed
[0930/184320.176:ERROR:process_reader_win.cc(151)] SuspendThread: Access is denied. (0x5)
[0930/184320.187:ERROR:file_io_win.cc(162)] CreateFile C:\Users\Lenovo\AppData\Local\Temp\puppeteer_dev_chrome_profile-m0bwvc\Crashpad\settings.dat: The system cannot find the path specified. (0x3)
[0930/184320.188:ERROR:file_io_win.cc(171)] CreateFile C:\Users\Lenovo\AppData\Local\Temp\puppeteer_dev_chrome_profile-m0bwvc\Crashpad\reports\f9671fcd-641a-4997-a1da-eab3d0a59254.dmp: The system cannot find the path specified. (0x3)
[0930/184320.188:ERROR:crash_report_exception_handler.cc(97)] PrepareNewCrashReport failed
[0930/195704.797:ERROR:file_io_win.cc(162)] CreateFile C:\Users\Lenovo\AppData\Local\Temp\puppeteer_dev_chrome_profile-qW4RLw\Crashpad\settings.dat: The system cannot find the path specified. (0x3)
[0930/195704.831:ERROR:file_io_win.cc(171)] CreateFile C:\Users\Lenovo\AppData\Local\Temp\puppeteer_dev_chrome_profile-qW4RLw\Crashpad\reports\9fc3e3f1-faa9-41a3-9324-0681b88454e4.dmp: The system cannot find the path specified. (0x3)
[0930/195704.832:ERROR:crash_report_exception_handler.cc(97)] PrepareNewCrashReport failed
[0930/195948.666:ERROR:process_reader_win.cc(151)] SuspendThread: Access is denied. (0x5)
[0930/195948.676:ERROR:file_io_win.cc(162)] CreateFile C:\Users\Lenovo\AppData\Local\Temp\puppeteer_dev_chrome_profile-zPRtOY\Crashpad\settings.dat: The system cannot find the path specified. (0x3)
[0930/195948.677:ERROR:file_io_win.cc(171)] CreateFile C:\Users\Lenovo\AppData\Local\Temp\puppeteer_dev_chrome_profile-zPRtOY\Crashpad\reports\6faf8dae-08f4-418e-90aa-9ac9d0343c34.dmp: The system cannot find the path specified. (0x3)
[0930/195948.677:ERROR:crash_report_exception_handler.cc(97)] PrepareNewCrashReport failed
[0930/200046.166:ERROR:process_reader_win.cc(151)] SuspendThread: Access is denied. (0x5)
[0930/200046.176:ERROR:file_io_win.cc(162)] CreateFile C:\Users\Lenovo\AppData\Local\Temp\puppeteer_dev_chrome_profile-Tk3zUA\Crashpad\settings.dat: The system cannot find the path specified. (0x3)
[0930/200046.176:ERROR:file_io_win.cc(171)] CreateFile C:\Users\Lenovo\AppData\Local\Temp\puppeteer_dev_chrome_profile-Tk3zUA\Crashpad\reports\fff24620-506f-4225-bcbe-6a76feb3ca78.dmp: The system cannot find the path specified. (0x3)
[0930/200046.177:ERROR:crash_report_exception_handler.cc(97)] PrepareNewCrashReport failed
[0930/213945.782:ERROR:file_io_win.cc(162)] CreateFile C:\Users\Lenovo\AppData\Local\Temp\puppeteer_dev_chrome_profile-mMZmEg\Crashpad\settings.dat: The system cannot find the path specified. (0x3)
[0930/213945.795:ERROR:file_io_win.cc(171)] CreateFile C:\Users\Lenovo\AppData\Local\Temp\puppeteer_dev_chrome_profile-mMZmEg\Crashpad\reports\ce7be5fd-cfca-455e-b569-3200defe4d19.dmp: The system cannot find the path specified. (0x3)
[0930/213945.795:ERROR:crash_report_exception_handler.cc(97)] PrepareNewCrashReport failed
[0930/222534.759:ERROR:file_io_win.cc(162)] CreateFile C:\Users\Lenovo\AppData\Local\Temp\puppeteer_dev_chrome_profile-XgCxzW\Crashpad\settings.dat: The system cannot find the path specified. (0x3)
[0930/222534.786:ERROR:file_io_win.cc(171)] CreateFile C:\Users\Lenovo\AppData\Local\Temp\puppeteer_dev_chrome_profile-XgCxzW\Crashpad\reports\04d690c9-61d0-401b-9220-7b606f4aba58.dmp: The system cannot find the path specified. (0x3)
[0930/222534.786:ERROR:crash_report_exception_handler.cc(97)] PrepareNewCrashReport failed
[0930/223828.529:ERROR:process_reader_win.cc(151)] SuspendThread: Access is denied. (0x5)
[0930/223828.542:ERROR:file_io_win.cc(162)] CreateFile C:\Users\Lenovo\AppData\Local\Temp\puppeteer_dev_chrome_profile-f24pAP\Crashpad\settings.dat: The system cannot find the path specified. (0x3)
[0930/223828.543:ERROR:file_io_win.cc(171)] CreateFile C:\Users\Lenovo\AppData\Local\Temp\puppeteer_dev_chrome_profile-f24pAP\Crashpad\reports\3d1f1c6e-d805-4afb-bb31-f9a0be53e84b.dmp: The system cannot find the path specified. (0x3)
[0930/223828.544:ERROR:crash_report_exception_handler.cc(97)] PrepareNewCrashReport failed
[0930/232740.871:ERROR:process_reader_win.cc(151)] SuspendThread: Access is denied. (0x5)
[0930/232741.125:ERROR:file_io_win.cc(162)] CreateFile C:\Users\Lenovo\AppData\Local\Temp\puppeteer_dev_chrome_profile-qTte55\Crashpad\settings.dat: The system cannot find the path specified. (0x3)
[0930/232741.126:ERROR:file_io_win.cc(171)] CreateFile C:\Users\Lenovo\AppData\Local\Temp\puppeteer_dev_chrome_profile-qTte55\Crashpad\reports\b52be7b7-2163-49a9-97eb-6f2f50e645aa.dmp: The system cannot find the path specified. (0x3)
[0930/232741.126:ERROR:crash_report_exception_handler.cc(97)] PrepareNewCrashReport failed
